<?xml version="1.0" encoding="UTF-8"?>
<testsuite xmlns:xsi="http://www.w3.org/2001/XMLSchema-instance" xsi:noNamespaceSchemaLocation="https://maven.apache.org/surefire/maven-surefire-plugin/xsd/surefire-test-report-3.0.xsd" version="3.0" name="TestSuite" time="35.485" tests="3" errors="0" skipped="0" failures="1">
  <properties>
    <property name="java.specification.version" value="15"/>
    <property name="webdriver.chrome.driver" value="/usr/local/bin/chromedriver"/>
    <property name="sun.jnu.encoding" value="UTF-8"/>
    <property name="java.class.path" value="/Users/deeptha.naik/Downloads/ZyoinUiAutomation/target/test-classes:/Users/deeptha.naik/Downloads/ZyoinUiAutomation/target/classes:/Users/deeptha.naik/.m2/repository/org/slf4j/slf4j-api/1.7.32/slf4j-api-1.7.32.jar:/Users/deeptha.naik/.m2/repository/ch/qos/logback/logback-classic/1.2.10/logback-classic-1.2.10.jar:/Users/deeptha.naik/.m2/repository/ch/qos/logback/logback-core/1.2.10/logback-core-1.2.10.jar:/Users/deeptha.naik/.m2/repository/org/seleniumhq/selenium/selenium-java/4.10.0/selenium-java-4.10.0.jar:/Users/deeptha.naik/.m2/repository/org/seleniumhq/selenium/selenium-api/4.10.0/selenium-api-4.10.0.jar:/Users/deeptha.naik/.m2/repository/org/seleniumhq/selenium/selenium-chrome-driver/4.10.0/selenium-chrome-driver-4.10.0.jar:/Users/deeptha.naik/.m2/repository/com/google/auto/service/auto-service-annotations/1.0.1/auto-service-annotations-1.0.1.jar:/Users/deeptha.naik/.m2/repository/com/google/auto/service/auto-service/1.0.1/auto-service-1.0.1.jar:/Users/deeptha.naik/.m2/repository/com/google/auto/auto-common/1.2/auto-common-1.2.jar:/Users/deeptha.naik/.m2/repository/com/google/guava/guava/31.1-jre/guava-31.1-jre.jar:/Users/deeptha.naik/.m2/repository/com/google/guava/failureaccess/1.0.1/failureaccess-1.0.1.jar:/Users/deeptha.naik/.m2/repository/com/google/guava/listenablefuture/9999.0-empty-to-avoid-conflict-with-guava/listenablefuture-9999.0-empty-to-avoid-conflict-with-guava.jar:/Users/deeptha.naik/.m2/repository/com/google/code/findbugs/jsr305/3.0.2/jsr305-3.0.2.jar:/Users/deeptha.naik/.m2/repository/org/checkerframework/checker-qual/3.12.0/checker-qual-3.12.0.jar:/Users/deeptha.naik/.m2/repository/com/google/errorprone/error_prone_annotations/2.11.0/error_prone_annotations-2.11.0.jar:/Users/deeptha.naik/.m2/repository/com/google/j2objc/j2objc-annotations/1.3/j2objc-annotations-1.3.jar:/Users/deeptha.naik/.m2/repository/org/seleniumhq/selenium/selenium-chromium-driver/4.10.0/selenium-chromium-driver-4.10.0.jar:/Users/deeptha.naik/.m2/repository/org/seleniumhq/selenium/selenium-json/4.10.0/selenium-json-4.10.0.jar:/Users/deeptha.naik/.m2/repository/org/seleniumhq/selenium/selenium-manager/4.10.0/selenium-manager-4.10.0.jar:/Users/deeptha.naik/.m2/repository/org/seleniumhq/selenium/selenium-devtools-v112/4.10.0/selenium-devtools-v112-4.10.0.jar:/Users/deeptha.naik/.m2/repository/org/seleniumhq/selenium/selenium-devtools-v113/4.10.0/selenium-devtools-v113-4.10.0.jar:/Users/deeptha.naik/.m2/repository/org/seleniumhq/selenium/selenium-devtools-v114/4.10.0/selenium-devtools-v114-4.10.0.jar:/Users/deeptha.naik/.m2/repository/org/seleniumhq/selenium/selenium-devtools-v85/4.10.0/selenium-devtools-v85-4.10.0.jar:/Users/deeptha.naik/.m2/repository/org/seleniumhq/selenium/selenium-edge-driver/4.10.0/selenium-edge-driver-4.10.0.jar:/Users/deeptha.naik/.m2/repository/org/seleniumhq/selenium/selenium-firefox-driver/4.10.0/selenium-firefox-driver-4.10.0.jar:/Users/deeptha.naik/.m2/repository/org/seleniumhq/selenium/selenium-http/4.10.0/selenium-http-4.10.0.jar:/Users/deeptha.naik/.m2/repository/dev/failsafe/failsafe/3.3.1/failsafe-3.3.1.jar:/Users/deeptha.naik/.m2/repository/org/seleniumhq/selenium/selenium-ie-driver/4.10.0/selenium-ie-driver-4.10.0.jar:/Users/deeptha.naik/.m2/repository/org/seleniumhq/selenium/selenium-remote-driver/4.10.0/selenium-remote-driver-4.10.0.jar:/Users/deeptha.naik/.m2/repository/io/netty/netty-buffer/4.1.92.Final/netty-buffer-4.1.92.Final.jar:/Users/deeptha.naik/.m2/repository/io/netty/netty-codec-http/4.1.92.Final/netty-codec-http-4.1.92.Final.jar:/Users/deeptha.naik/.m2/repository/io/netty/netty-codec/4.1.92.Final/netty-codec-4.1.92.Final.jar:/Users/deeptha.naik/.m2/repository/io/netty/netty-handler/4.1.92.Final/netty-handler-4.1.92.Final.jar:/Users/deeptha.naik/.m2/repository/io/netty/netty-common/4.1.92.Final/netty-common-4.1.92.Final.jar:/Users/deeptha.naik/.m2/repository/io/netty/netty-transport-classes-epoll/4.1.92.Final/netty-transport-classes-epoll-4.1.92.Final.jar:/Users/deeptha.naik/.m2/repository/io/netty/netty-transport-classes-kqueue/4.1.92.Final/netty-transport-classes-kqueue-4.1.92.Final.jar:/Users/deeptha.naik/.m2/repository/io/netty/netty-transport-native-epoll/4.1.92.Final/netty-transport-native-epoll-4.1.92.Final.jar:/Users/deeptha.naik/.m2/repository/io/netty/netty-transport-native-kqueue/4.1.92.Final/netty-transport-native-kqueue-4.1.92.Final.jar:/Users/deeptha.naik/.m2/repository/io/netty/netty-transport-native-unix-common/4.1.92.Final/netty-transport-native-unix-common-4.1.92.Final.jar:/Users/deeptha.naik/.m2/repository/io/netty/netty-transport/4.1.92.Final/netty-transport-4.1.92.Final.jar:/Users/deeptha.naik/.m2/repository/io/netty/netty-resolver/4.1.92.Final/netty-resolver-4.1.92.Final.jar:/Users/deeptha.naik/.m2/repository/io/opentelemetry/opentelemetry-api/1.26.0/opentelemetry-api-1.26.0.jar:/Users/deeptha.naik/.m2/repository/io/opentelemetry/opentelemetry-context/1.26.0/opentelemetry-context-1.26.0.jar:/Users/deeptha.naik/.m2/repository/io/opentelemetry/opentelemetry-exporter-logging/1.26.0/opentelemetry-exporter-logging-1.26.0.jar:/Users/deeptha.naik/.m2/repository/io/opentelemetry/opentelemetry-sdk-metrics/1.26.0/opentelemetry-sdk-metrics-1.26.0.jar:/Users/deeptha.naik/.m2/repository/io/opentelemetry/opentelemetry-extension-incubator/1.26.0-alpha/opentelemetry-extension-incubator-1.26.0-alpha.jar:/Users/deeptha.naik/.m2/repository/io/opentelemetry/opentelemetry-sdk-logs/1.26.0-alpha/opentelemetry-sdk-logs-1.26.0-alpha.jar:/Users/deeptha.naik/.m2/repository/io/opentelemetry/opentelemetry-api-logs/1.26.0-alpha/opentelemetry-api-logs-1.26.0-alpha.jar:/Users/deeptha.naik/.m2/repository/io/opentelemetry/opentelemetry-api-events/1.26.0-alpha/opentelemetry-api-events-1.26.0-alpha.jar:/Users/deeptha.naik/.m2/repository/io/opentelemetry/opentelemetry-sdk-common/1.26.0/opentelemetry-sdk-common-1.26.0.jar:/Users/deeptha.naik/.m2/repository/io/opentelemetry/opentelemetry-sdk-extension-autoconfigure-spi/1.26.0/opentelemetry-sdk-extension-autoconfigure-spi-1.26.0.jar:/Users/deeptha.naik/.m2/repository/io/opentelemetry/opentelemetry-sdk-extension-autoconfigure/1.26.0-alpha/opentelemetry-sdk-extension-autoconfigure-1.26.0-alpha.jar:/Users/deeptha.naik/.m2/repository/io/opentelemetry/opentelemetry-sdk-trace/1.26.0/opentelemetry-sdk-trace-1.26.0.jar:/Users/deeptha.naik/.m2/repository/io/opentelemetry/opentelemetry-sdk/1.26.0/opentelemetry-sdk-1.26.0.jar:/Users/deeptha.naik/.m2/repository/io/opentelemetry/opentelemetry-semconv/1.26.0-alpha/opentelemetry-semconv-1.26.0-alpha.jar:/Users/deeptha.naik/.m2/repository/net/bytebuddy/byte-buddy/1.14.4/byte-buddy-1.14.4.jar:/Users/deeptha.naik/.m2/repository/org/apache/commons/commons-exec/1.3/commons-exec-1.3.jar:/Users/deeptha.naik/.m2/repository/org/asynchttpclient/async-http-client/2.12.3/async-http-client-2.12.3.jar:/Users/deeptha.naik/.m2/repository/org/asynchttpclient/async-http-client-netty-utils/2.12.3/async-http-client-netty-utils-2.12.3.jar:/Users/deeptha.naik/.m2/repository/io/netty/netty-codec-socks/4.1.60.Final/netty-codec-socks-4.1.60.Final.jar:/Users/deeptha.naik/.m2/repository/io/netty/netty-handler-proxy/4.1.60.Final/netty-handler-proxy-4.1.60.Final.jar:/Users/deeptha.naik/.m2/repository/io/netty/netty-transport-native-epoll/4.1.60.Final/netty-transport-native-epoll-4.1.60.Final-linux-x86_64.jar:/Users/deeptha.naik/.m2/repository/io/netty/netty-transport-native-kqueue/4.1.60.Final/netty-transport-native-kqueue-4.1.60.Final-osx-x86_64.jar:/Users/deeptha.naik/.m2/repository/org/reactivestreams/reactive-streams/1.0.3/reactive-streams-1.0.3.jar:/Users/deeptha.naik/.m2/repository/com/typesafe/netty/netty-reactive-streams/2.0.4/netty-reactive-streams-2.0.4.jar:/Users/deeptha.naik/.m2/repository/com/sun/activation/jakarta.activation/1.2.2/jakarta.activation-1.2.2.jar:/Users/deeptha.naik/.m2/repository/org/seleniumhq/selenium/selenium-safari-driver/4.10.0/selenium-safari-driver-4.10.0.jar:/Users/deeptha.naik/.m2/repository/org/seleniumhq/selenium/selenium-support/4.10.0/selenium-support-4.10.0.jar:/Users/deeptha.naik/.m2/repository/io/github/bonigarcia/webdrivermanager/5.3.2/webdrivermanager-5.3.2.jar:/Users/deeptha.naik/.m2/repository/com/google/code/gson/gson/2.10.1/gson-2.10.1.jar:/Users/deeptha.naik/.m2/repository/com/github/docker-java/docker-java/3.2.14/docker-java-3.2.14.jar:/Users/deeptha.naik/.m2/repository/com/github/docker-java/docker-java-core/3.2.14/docker-java-core-3.2.14.jar:/Users/deeptha.naik/.m2/repository/com/github/docker-java/docker-java-api/3.2.14/docker-java-api-3.2.14.jar:/Users/deeptha.naik/.m2/repository/com/fasterxml/jackson/core/jackson-annotations/2.10.3/jackson-annotations-2.10.3.jar:/Users/deeptha.naik/.m2/repository/commons-io/commons-io/2.6/commons-io-2.6.jar:/Users/deeptha.naik/.m2/repository/org/apache/commons/commons-compress/1.21/commons-compress-1.21.jar:/Users/deeptha.naik/.m2/repository/com/fasterxml/jackson/core/jackson-databind/2.10.3/jackson-databind-2.10.3.jar:/Users/deeptha.naik/.m2/repository/com/fasterxml/jackson/core/jackson-core/2.10.3/jackson-core-2.10.3.jar:/Users/deeptha.naik/.m2/repository/org/bouncycastle/bcpkix-jdk15on/1.64/bcpkix-jdk15on-1.64.jar:/Users/deeptha.naik/.m2/repository/org/bouncycastle/bcprov-jdk15on/1.64/bcprov-jdk15on-1.64.jar:/Users/deeptha.naik/.m2/repository/org/slf4j/jcl-over-slf4j/1.7.30/jcl-over-slf4j-1.7.30.jar:/Users/deeptha.naik/.m2/repository/com/github/docker-java/docker-java-transport-httpclient5/3.2.14/docker-java-transport-httpclient5-3.2.14.jar:/Users/deeptha.naik/.m2/repository/com/github/docker-java/docker-java-transport/3.2.14/docker-java-transport-3.2.14.jar:/Users/deeptha.naik/.m2/repository/net/java/dev/jna/jna/5.12.1/jna-5.12.1.jar:/Users/deeptha.naik/.m2/repository/org/brotli/dec/0.1.2/dec-0.1.2.jar:/Users/deeptha.naik/.m2/repository/org/apache/commons/commons-lang3/3.12.0/commons-lang3-3.12.0.jar:/Users/deeptha.naik/.m2/repository/org/apache/httpcomponents/client5/httpclient5/5.2.1/httpclient5-5.2.1.jar:/Users/deeptha.naik/.m2/repository/org/apache/httpcomponents/core5/httpcore5/5.2/httpcore5-5.2.jar:/Users/deeptha.naik/.m2/repository/org/apache/httpcomponents/core5/httpcore5-h2/5.2/httpcore5-h2-5.2.jar:/Users/deeptha.naik/.m2/repository/io/cucumber/cucumber-java/6.10.4/cucumber-java-6.10.4.jar:/Users/deeptha.naik/.m2/repository/io/cucumber/cucumber-core/6.10.4/cucumber-core-6.10.4.jar:/Users/deeptha.naik/.m2/repository/io/cucumber/cucumber-gherkin/6.10.4/cucumber-gherkin-6.10.4.jar:/Users/deeptha.naik/.m2/repository/io/cucumber/cucumber-gherkin-messages/6.10.4/cucumber-gherkin-messages-6.10.4.jar:/Users/deeptha.naik/.m2/repository/io/cucumber/messages/15.0.0/messages-15.0.0.jar:/Users/deeptha.naik/.m2/repository/io/cucumber/tag-expressions/3.0.1/tag-expressions-3.0.1.jar:/Users/deeptha.naik/.m2/repository/io/cucumber/cucumber-expressions/10.3.0/cucumber-expressions-10.3.0.jar:/Users/deeptha.naik/.m2/repository/io/cucumber/datatable/3.5.0/datatable-3.5.0.jar:/Users/deeptha.naik/.m2/repository/io/cucumber/cucumber-plugin/6.10.4/cucumber-plugin-6.10.4.jar:/Users/deeptha.naik/.m2/repository/io/cucumber/docstring/6.10.4/docstring-6.10.4.jar:/Users/deeptha.naik/.m2/repository/io/cucumber/html-formatter/13.0.0/html-formatter-13.0.0.jar:/Users/deeptha.naik/.m2/repository/io/cucumber/create-meta/4.0.0/create-meta-4.0.0.jar:/Users/deeptha.naik/.m2/repository/org/apiguardian/apiguardian-api/1.1.1/apiguardian-api-1.1.1.jar:/Users/deeptha.naik/.m2/repository/info/cukes/cucumber-core/1.1.8/cucumber-core-1.1.8.jar:/Users/deeptha.naik/.m2/repository/info/cukes/cucumber-html/0.2.3/cucumber-html-0.2.3.jar:/Users/deeptha.naik/.m2/repository/info/cukes/cucumber-jvm-deps/1.0.3/cucumber-jvm-deps-1.0.3.jar:/Users/deeptha.naik/.m2/repository/info/cukes/gherkin/2.12.2/gherkin-2.12.2.jar:/Users/deeptha.naik/.m2/repository/io/cucumber/cucumber-jvm-deps/1.0.6/cucumber-jvm-deps-1.0.6.jar:/Users/deeptha.naik/.m2/repository/io/cucumber/cucumber-testng/6.10.4/cucumber-testng-6.10.4.jar:/Users/deeptha.naik/.m2/repository/org/testng/testng/7.4.0/testng-7.4.0.jar:/Users/deeptha.naik/.m2/repository/com/beust/jcommander/1.78/jcommander-1.78.jar:/Users/deeptha.naik/.m2/repository/org/webjars/jquery/3.5.1/jquery-3.5.1.jar:"/>
    <property name="java.vm.vendor" value="Oracle Corporation"/>
    <property name="sun.arch.data.model" value="64"/>
    <property name="java.vendor.url" value="https://java.oracle.com/"/>
    <property name="user.timezone" value="Asia/Kolkata"/>
    <property name="suiteXmlFile" value="testng.xml"/>
    <property name="os.name" value="Mac OS X"/>
    <property name="java.vm.specification.version" value="15"/>
    <property name="sun.java.launcher" value="SUN_STANDARD"/>
    <property name="user.country" value="IN"/>
    <property name="sun.boot.library.path" value="/Library/Java/JavaVirtualMachines/jdk-15.0.1.jdk/Contents/Home/lib"/>
    <property name="sun.java.command" value="/Users/deeptha.naik/Downloads/ZyoinUiAutomation/target/surefire/surefirebooter11479847086292737861.jar /Users/deeptha.naik/Downloads/ZyoinUiAutomation/target/surefire 2024-06-21T21-44-12_930-jvmRun1 surefire15610165432050293590tmp surefire_0162673582327269695tmp"/>
    <property name="jdk.debug" value="release"/>
    <property name="surefire.test.class.path" value="/Users/deeptha.naik/Downloads/ZyoinUiAutomation/target/test-classes:/Users/deeptha.naik/Downloads/ZyoinUiAutomation/target/classes:/Users/deeptha.naik/.m2/repository/org/slf4j/slf4j-api/1.7.32/slf4j-api-1.7.32.jar:/Users/deeptha.naik/.m2/repository/ch/qos/logback/logback-classic/1.2.10/logback-classic-1.2.10.jar:/Users/deeptha.naik/.m2/repository/ch/qos/logback/logback-core/1.2.10/logback-core-1.2.10.jar:/Users/deeptha.naik/.m2/repository/org/seleniumhq/selenium/selenium-java/4.10.0/selenium-java-4.10.0.jar:/Users/deeptha.naik/.m2/repository/org/seleniumhq/selenium/selenium-api/4.10.0/selenium-api-4.10.0.jar:/Users/deeptha.naik/.m2/repository/org/seleniumhq/selenium/selenium-chrome-driver/4.10.0/selenium-chrome-driver-4.10.0.jar:/Users/deeptha.naik/.m2/repository/com/google/auto/service/auto-service-annotations/1.0.1/auto-service-annotations-1.0.1.jar:/Users/deeptha.naik/.m2/repository/com/google/auto/service/auto-service/1.0.1/auto-service-1.0.1.jar:/Users/deeptha.naik/.m2/repository/com/google/auto/auto-common/1.2/auto-common-1.2.jar:/Users/deeptha.naik/.m2/repository/com/google/guava/guava/31.1-jre/guava-31.1-jre.jar:/Users/deeptha.naik/.m2/repository/com/google/guava/failureaccess/1.0.1/failureaccess-1.0.1.jar:/Users/deeptha.naik/.m2/repository/com/google/guava/listenablefuture/9999.0-empty-to-avoid-conflict-with-guava/listenablefuture-9999.0-empty-to-avoid-conflict-with-guava.jar:/Users/deeptha.naik/.m2/repository/com/google/code/findbugs/jsr305/3.0.2/jsr305-3.0.2.jar:/Users/deeptha.naik/.m2/repository/org/checkerframework/checker-qual/3.12.0/checker-qual-3.12.0.jar:/Users/deeptha.naik/.m2/repository/com/google/errorprone/error_prone_annotations/2.11.0/error_prone_annotations-2.11.0.jar:/Users/deeptha.naik/.m2/repository/com/google/j2objc/j2objc-annotations/1.3/j2objc-annotations-1.3.jar:/Users/deeptha.naik/.m2/repository/org/seleniumhq/selenium/selenium-chromium-driver/4.10.0/selenium-chromium-driver-4.10.0.jar:/Users/deeptha.naik/.m2/repository/org/seleniumhq/selenium/selenium-json/4.10.0/selenium-json-4.10.0.jar:/Users/deeptha.naik/.m2/repository/org/seleniumhq/selenium/selenium-manager/4.10.0/selenium-manager-4.10.0.jar:/Users/deeptha.naik/.m2/repository/org/seleniumhq/selenium/selenium-devtools-v112/4.10.0/selenium-devtools-v112-4.10.0.jar:/Users/deeptha.naik/.m2/repository/org/seleniumhq/selenium/selenium-devtools-v113/4.10.0/selenium-devtools-v113-4.10.0.jar:/Users/deeptha.naik/.m2/repository/org/seleniumhq/selenium/selenium-devtools-v114/4.10.0/selenium-devtools-v114-4.10.0.jar:/Users/deeptha.naik/.m2/repository/org/seleniumhq/selenium/selenium-devtools-v85/4.10.0/selenium-devtools-v85-4.10.0.jar:/Users/deeptha.naik/.m2/repository/org/seleniumhq/selenium/selenium-edge-driver/4.10.0/selenium-edge-driver-4.10.0.jar:/Users/deeptha.naik/.m2/repository/org/seleniumhq/selenium/selenium-firefox-driver/4.10.0/selenium-firefox-driver-4.10.0.jar:/Users/deeptha.naik/.m2/repository/org/seleniumhq/selenium/selenium-http/4.10.0/selenium-http-4.10.0.jar:/Users/deeptha.naik/.m2/repository/dev/failsafe/failsafe/3.3.1/failsafe-3.3.1.jar:/Users/deeptha.naik/.m2/repository/org/seleniumhq/selenium/selenium-ie-driver/4.10.0/selenium-ie-driver-4.10.0.jar:/Users/deeptha.naik/.m2/repository/org/seleniumhq/selenium/selenium-remote-driver/4.10.0/selenium-remote-driver-4.10.0.jar:/Users/deeptha.naik/.m2/repository/io/netty/netty-buffer/4.1.92.Final/netty-buffer-4.1.92.Final.jar:/Users/deeptha.naik/.m2/repository/io/netty/netty-codec-http/4.1.92.Final/netty-codec-http-4.1.92.Final.jar:/Users/deeptha.naik/.m2/repository/io/netty/netty-codec/4.1.92.Final/netty-codec-4.1.92.Final.jar:/Users/deeptha.naik/.m2/repository/io/netty/netty-handler/4.1.92.Final/netty-handler-4.1.92.Final.jar:/Users/deeptha.naik/.m2/repository/io/netty/netty-common/4.1.92.Final/netty-common-4.1.92.Final.jar:/Users/deeptha.naik/.m2/repository/io/netty/netty-transport-classes-epoll/4.1.92.Final/netty-transport-classes-epoll-4.1.92.Final.jar:/Users/deeptha.naik/.m2/repository/io/netty/netty-transport-classes-kqueue/4.1.92.Final/netty-transport-classes-kqueue-4.1.92.Final.jar:/Users/deeptha.naik/.m2/repository/io/netty/netty-transport-native-epoll/4.1.92.Final/netty-transport-native-epoll-4.1.92.Final.jar:/Users/deeptha.naik/.m2/repository/io/netty/netty-transport-native-kqueue/4.1.92.Final/netty-transport-native-kqueue-4.1.92.Final.jar:/Users/deeptha.naik/.m2/repository/io/netty/netty-transport-native-unix-common/4.1.92.Final/netty-transport-native-unix-common-4.1.92.Final.jar:/Users/deeptha.naik/.m2/repository/io/netty/netty-transport/4.1.92.Final/netty-transport-4.1.92.Final.jar:/Users/deeptha.naik/.m2/repository/io/netty/netty-resolver/4.1.92.Final/netty-resolver-4.1.92.Final.jar:/Users/deeptha.naik/.m2/repository/io/opentelemetry/opentelemetry-api/1.26.0/opentelemetry-api-1.26.0.jar:/Users/deeptha.naik/.m2/repository/io/opentelemetry/opentelemetry-context/1.26.0/opentelemetry-context-1.26.0.jar:/Users/deeptha.naik/.m2/repository/io/opentelemetry/opentelemetry-exporter-logging/1.26.0/opentelemetry-exporter-logging-1.26.0.jar:/Users/deeptha.naik/.m2/repository/io/opentelemetry/opentelemetry-sdk-metrics/1.26.0/opentelemetry-sdk-metrics-1.26.0.jar:/Users/deeptha.naik/.m2/repository/io/opentelemetry/opentelemetry-extension-incubator/1.26.0-alpha/opentelemetry-extension-incubator-1.26.0-alpha.jar:/Users/deeptha.naik/.m2/repository/io/opentelemetry/opentelemetry-sdk-logs/1.26.0-alpha/opentelemetry-sdk-logs-1.26.0-alpha.jar:/Users/deeptha.naik/.m2/repository/io/opentelemetry/opentelemetry-api-logs/1.26.0-alpha/opentelemetry-api-logs-1.26.0-alpha.jar:/Users/deeptha.naik/.m2/repository/io/opentelemetry/opentelemetry-api-events/1.26.0-alpha/opentelemetry-api-events-1.26.0-alpha.jar:/Users/deeptha.naik/.m2/repository/io/opentelemetry/opentelemetry-sdk-common/1.26.0/opentelemetry-sdk-common-1.26.0.jar:/Users/deeptha.naik/.m2/repository/io/opentelemetry/opentelemetry-sdk-extension-autoconfigure-spi/1.26.0/opentelemetry-sdk-extension-autoconfigure-spi-1.26.0.jar:/Users/deeptha.naik/.m2/repository/io/opentelemetry/opentelemetry-sdk-extension-autoconfigure/1.26.0-alpha/opentelemetry-sdk-extension-autoconfigure-1.26.0-alpha.jar:/Users/deeptha.naik/.m2/repository/io/opentelemetry/opentelemetry-sdk-trace/1.26.0/opentelemetry-sdk-trace-1.26.0.jar:/Users/deeptha.naik/.m2/repository/io/opentelemetry/opentelemetry-sdk/1.26.0/opentelemetry-sdk-1.26.0.jar:/Users/deeptha.naik/.m2/repository/io/opentelemetry/opentelemetry-semconv/1.26.0-alpha/opentelemetry-semconv-1.26.0-alpha.jar:/Users/deeptha.naik/.m2/repository/net/bytebuddy/byte-buddy/1.14.4/byte-buddy-1.14.4.jar:/Users/deeptha.naik/.m2/repository/org/apache/commons/commons-exec/1.3/commons-exec-1.3.jar:/Users/deeptha.naik/.m2/repository/org/asynchttpclient/async-http-client/2.12.3/async-http-client-2.12.3.jar:/Users/deeptha.naik/.m2/repository/org/asynchttpclient/async-http-client-netty-utils/2.12.3/async-http-client-netty-utils-2.12.3.jar:/Users/deeptha.naik/.m2/repository/io/netty/netty-codec-socks/4.1.60.Final/netty-codec-socks-4.1.60.Final.jar:/Users/deeptha.naik/.m2/repository/io/netty/netty-handler-proxy/4.1.60.Final/netty-handler-proxy-4.1.60.Final.jar:/Users/deeptha.naik/.m2/repository/io/netty/netty-transport-native-epoll/4.1.60.Final/netty-transport-native-epoll-4.1.60.Final-linux-x86_64.jar:/Users/deeptha.naik/.m2/repository/io/netty/netty-transport-native-kqueue/4.1.60.Final/netty-transport-native-kqueue-4.1.60.Final-osx-x86_64.jar:/Users/deeptha.naik/.m2/repository/org/reactivestreams/reactive-streams/1.0.3/reactive-streams-1.0.3.jar:/Users/deeptha.naik/.m2/repository/com/typesafe/netty/netty-reactive-streams/2.0.4/netty-reactive-streams-2.0.4.jar:/Users/deeptha.naik/.m2/repository/com/sun/activation/jakarta.activation/1.2.2/jakarta.activation-1.2.2.jar:/Users/deeptha.naik/.m2/repository/org/seleniumhq/selenium/selenium-safari-driver/4.10.0/selenium-safari-driver-4.10.0.jar:/Users/deeptha.naik/.m2/repository/org/seleniumhq/selenium/selenium-support/4.10.0/selenium-support-4.10.0.jar:/Users/deeptha.naik/.m2/repository/io/github/bonigarcia/webdrivermanager/5.3.2/webdrivermanager-5.3.2.jar:/Users/deeptha.naik/.m2/repository/com/google/code/gson/gson/2.10.1/gson-2.10.1.jar:/Users/deeptha.naik/.m2/repository/com/github/docker-java/docker-java/3.2.14/docker-java-3.2.14.jar:/Users/deeptha.naik/.m2/repository/com/github/docker-java/docker-java-core/3.2.14/docker-java-core-3.2.14.jar:/Users/deeptha.naik/.m2/repository/com/github/docker-java/docker-java-api/3.2.14/docker-java-api-3.2.14.jar:/Users/deeptha.naik/.m2/repository/com/fasterxml/jackson/core/jackson-annotations/2.10.3/jackson-annotations-2.10.3.jar:/Users/deeptha.naik/.m2/repository/commons-io/commons-io/2.6/commons-io-2.6.jar:/Users/deeptha.naik/.m2/repository/org/apache/commons/commons-compress/1.21/commons-compress-1.21.jar:/Users/deeptha.naik/.m2/repository/com/fasterxml/jackson/core/jackson-databind/2.10.3/jackson-databind-2.10.3.jar:/Users/deeptha.naik/.m2/repository/com/fasterxml/jackson/core/jackson-core/2.10.3/jackson-core-2.10.3.jar:/Users/deeptha.naik/.m2/repository/org/bouncycastle/bcpkix-jdk15on/1.64/bcpkix-jdk15on-1.64.jar:/Users/deeptha.naik/.m2/repository/org/bouncycastle/bcprov-jdk15on/1.64/bcprov-jdk15on-1.64.jar:/Users/deeptha.naik/.m2/repository/org/slf4j/jcl-over-slf4j/1.7.30/jcl-over-slf4j-1.7.30.jar:/Users/deeptha.naik/.m2/repository/com/github/docker-java/docker-java-transport-httpclient5/3.2.14/docker-java-transport-httpclient5-3.2.14.jar:/Users/deeptha.naik/.m2/repository/com/github/docker-java/docker-java-transport/3.2.14/docker-java-transport-3.2.14.jar:/Users/deeptha.naik/.m2/repository/net/java/dev/jna/jna/5.12.1/jna-5.12.1.jar:/Users/deeptha.naik/.m2/repository/org/brotli/dec/0.1.2/dec-0.1.2.jar:/Users/deeptha.naik/.m2/repository/org/apache/commons/commons-lang3/3.12.0/commons-lang3-3.12.0.jar:/Users/deeptha.naik/.m2/repository/org/apache/httpcomponents/client5/httpclient5/5.2.1/httpclient5-5.2.1.jar:/Users/deeptha.naik/.m2/repository/org/apache/httpcomponents/core5/httpcore5/5.2/httpcore5-5.2.jar:/Users/deeptha.naik/.m2/repository/org/apache/httpcomponents/core5/httpcore5-h2/5.2/httpcore5-h2-5.2.jar:/Users/deeptha.naik/.m2/repository/io/cucumber/cucumber-java/6.10.4/cucumber-java-6.10.4.jar:/Users/deeptha.naik/.m2/repository/io/cucumber/cucumber-core/6.10.4/cucumber-core-6.10.4.jar:/Users/deeptha.naik/.m2/repository/io/cucumber/cucumber-gherkin/6.10.4/cucumber-gherkin-6.10.4.jar:/Users/deeptha.naik/.m2/repository/io/cucumber/cucumber-gherkin-messages/6.10.4/cucumber-gherkin-messages-6.10.4.jar:/Users/deeptha.naik/.m2/repository/io/cucumber/messages/15.0.0/messages-15.0.0.jar:/Users/deeptha.naik/.m2/repository/io/cucumber/tag-expressions/3.0.1/tag-expressions-3.0.1.jar:/Users/deeptha.naik/.m2/repository/io/cucumber/cucumber-expressions/10.3.0/cucumber-expressions-10.3.0.jar:/Users/deeptha.naik/.m2/repository/io/cucumber/datatable/3.5.0/datatable-3.5.0.jar:/Users/deeptha.naik/.m2/repository/io/cucumber/cucumber-plugin/6.10.4/cucumber-plugin-6.10.4.jar:/Users/deeptha.naik/.m2/repository/io/cucumber/docstring/6.10.4/docstring-6.10.4.jar:/Users/deeptha.naik/.m2/repository/io/cucumber/html-formatter/13.0.0/html-formatter-13.0.0.jar:/Users/deeptha.naik/.m2/repository/io/cucumber/create-meta/4.0.0/create-meta-4.0.0.jar:/Users/deeptha.naik/.m2/repository/org/apiguardian/apiguardian-api/1.1.1/apiguardian-api-1.1.1.jar:/Users/deeptha.naik/.m2/repository/info/cukes/cucumber-core/1.1.8/cucumber-core-1.1.8.jar:/Users/deeptha.naik/.m2/repository/info/cukes/cucumber-html/0.2.3/cucumber-html-0.2.3.jar:/Users/deeptha.naik/.m2/repository/info/cukes/cucumber-jvm-deps/1.0.3/cucumber-jvm-deps-1.0.3.jar:/Users/deeptha.naik/.m2/repository/info/cukes/gherkin/2.12.2/gherkin-2.12.2.jar:/Users/deeptha.naik/.m2/repository/io/cucumber/cucumber-jvm-deps/1.0.6/cucumber-jvm-deps-1.0.6.jar:/Users/deeptha.naik/.m2/repository/io/cucumber/cucumber-testng/6.10.4/cucumber-testng-6.10.4.jar:/Users/deeptha.naik/.m2/repository/org/testng/testng/7.4.0/testng-7.4.0.jar:/Users/deeptha.naik/.m2/repository/com/beust/jcommander/1.78/jcommander-1.78.jar:/Users/deeptha.naik/.m2/repository/org/webjars/jquery/3.5.1/jquery-3.5.1.jar:"/>
    <property name="sun.cpu.endian" value="little"/>
    <property name="user.home" value="/Users/deeptha.naik"/>
    <property name="user.language" value="en"/>
    <property name="java.specification.vendor" value="Oracle Corporation"/>
    <property name="java.version.date" value="2020-10-20"/>
    <property name="java.home" value="/Library/Java/JavaVirtualMachines/jdk-15.0.1.jdk/Contents/Home"/>
    <property name="file.separator" value="/"/>
    <property name="basedir" value="/Users/deeptha.naik/Downloads/ZyoinUiAutomation"/>
    <property name="java.vm.compressedOopsMode" value="Zero based"/>
    <property name="line.separator" value="&#10;"/>
    <property name="java.vm.specification.vendor" value="Oracle Corporation"/>
    <property name="java.specification.name" value="Java Platform API Specification"/>
    <property name="surefire.real.class.path" value="/Users/deeptha.naik/Downloads/ZyoinUiAutomation/target/surefire/surefirebooter11479847086292737861.jar"/>
    <property name="sun.management.compiler" value="HotSpot 64-Bit Tiered Compilers"/>
    <property name="java.runtime.version" value="15.0.1+9-18"/>
    <property name="user.name" value="deeptha.naik"/>
    <property name="path.separator" value=":"/>
    <property name="os.version" value="10.15.5"/>
    <property name="java.runtime.name" value="Java(TM) SE Runtime Environment"/>
    <property name="file.encoding" value="US-ASCII"/>
    <property name="java.vm.name" value="Java HotSpot(TM) 64-Bit Server VM"/>
    <property name="localRepository" value="/Users/deeptha.naik/.m2/repository"/>
    <property name="java.vendor.url.bug" value="https://bugreport.java.com/bugreport/"/>
    <property name="java.io.tmpdir" value="/var/folders/r6/s_117cds1qj7d9qx_hc9_prn0v5844/T/"/>
    <property name="java.version" value="15.0.1"/>
    <property name="user.dir" value="/Users/deeptha.naik/Downloads/ZyoinUiAutomation"/>
    <property name="os.arch" value="x86_64"/>
    <property name="java.vm.specification.name" value="Java Virtual Machine Specification"/>
    <property name="java.library.path" value="/Users/deeptha.naik/Library/Java/Extensions:/Library/Java/Extensions:/Network/Library/Java/Extensions:/System/Library/Java/Extensions:/usr/lib/java:."/>
    <property name="java.vm.info" value="mixed mode, sharing"/>
    <property name="java.vendor" value="Oracle Corporation"/>
    <property name="java.vm.version" value="15.0.1+9-18"/>
    <property name="sun.io.unicode.encoding" value="UnicodeBig"/>
    <property name="java.class.version" value="59.0"/>
  </properties>
  <testcase name="runScenario[&quot;Adding a Monitor item in the cart and verifying subtotal&quot;, &quot;Optional[Add item to cart and verify price and subtotal]&quot;](1)" classname="runners.TestRunner" time="24.105">
    <system-out><![CDATA[
Scenario: Adding two items in the cart and verifying subtotal &amp#27;[90m# src/test/resources/features/AddItemToCart.feature:22&amp#27;[0m

Scenario: Adding a Laptop item in the cart and verifying subtotal              &amp#27;[90m# src/test/resources/features/AddItemToCart.feature:13&amp#27;[0m

Scenario: Adding a Monitor item in the cart and verifying subtotal &amp#27;[90m# src/test/resources/features/AddItemToCart.feature:3&amp#27;[0m
2024-06-21 21:44:17 INFO  steps.AddItemToCartSteps - Navigating to URL: https://www.amazon.in
2024-06-21 21:44:17 INFO  steps.AddItemToCartSteps - Navigating to URL: https://www.amazon.in
  &amp#27;[32mGiven &amp#27;[0m&amp#27;[32mI open Amazon website&amp#27;[0m                                      &amp#27;[90m# steps.AddItemToCartSteps.iOpenAmazonWebsite()&amp#27;[0m
  &amp#27;[32mGiven &amp#27;[0m&amp#27;[32mI open Amazon website&amp#27;[0m                                 &amp#27;[90m# steps.AddItemToCartSteps.iOpenAmazonWebsite()&amp#27;[0m
  &amp#27;[32mWhen &amp#27;[0m&amp#27;[32mI search for &amp#27;[0m&amp#27;[32m&amp#27;[1m"Monitor"&amp#27;[0m                                      &amp#27;[90m# steps.AddItemToCartSteps.iSearchFor(java.lang.String)&amp#27;[0m
2024-06-21 21:44:22 INFO  steps.AddItemToCartSteps - Navigating to URL: https://www.amazon.in
2024-06-21 21:44:22 INFO  steps.AddItemToCartSteps - Selected the first item in the list
2024-06-21 21:44:22 INFO  steps.AddItemToCartSteps - Switched to new window: 79D6606F284500408921091CB7C07CDA
  &amp#27;[32mWhen &amp#27;[0m&amp#27;[32mI search for &amp#27;[0m&amp#27;[32m&amp#27;[1m"Headphones"&amp#27;[0m                              &amp#27;[90m# steps.AddItemToCartSteps.iSearchFor(java.lang.String)&amp#27;[0m
2024-06-21 21:44:22 INFO  steps.AddItemToCartSteps - Selected the first item in the list
2024-06-21 21:44:22 INFO  steps.AddItemToCartSteps - Switched to new window: 1715E2830491BFF4F2ACEC44942D8781
  &amp#27;[32mGiven &amp#27;[0m&amp#27;[32mI open Amazon website&amp#27;[0m                                                  &amp#27;[90m# steps.AddItemToCartSteps.iOpenAmazonWebsite()&amp#27;[0m
2024-06-21 21:44:28 INFO  steps.AddItemToCartSteps - Product price: 1,399
[1399]
  &amp#27;[32mAnd &amp#27;[0m&amp#27;[32mI select the first item in the list&amp#27;[0m                     &amp#27;[90m# steps.AddItemToCartSteps.iSelectTheFirstItemInTheList()&amp#27;[0m
2024-06-21 21:44:28 INFO  steps.AddItemToCartSteps - Product price: 14,999
[14999]
  &amp#27;[32mAnd &amp#27;[0m&amp#27;[32mI select the first item in the list&amp#27;[0m                          &amp#27;[90m# steps.AddItemToCartSteps.iSelectTheFirstItemInTheList()&amp#27;[0m
  &amp#27;[32mWhen &amp#27;[0m&amp#27;[32mI search for &amp#27;[0m&amp#27;[32m&amp#27;[1m"Laptop"&amp#27;[0m                                                   &amp#27;[90m# steps.AddItemToCartSteps.iSearchFor(java.lang.String)&amp#27;[0m
2024-06-21 21:44:29 INFO  steps.AddItemToCartSteps - Selected the first item in the list
2024-06-21 21:44:29 INFO  steps.AddItemToCartSteps - Switched to new window: DD90FACC629D10699DAAC8FF623B6750
  &amp#27;[32mAnd &amp#27;[0m&amp#27;[32mI add the item to cart&amp#27;[0m                                  &amp#27;[90m# steps.AddItemToCartSteps.iAddTheItemToCart()&amp#27;[0m
  &amp#27;[32mAnd &amp#27;[0m&amp#27;[32mI add the item to cart&amp#27;[0m                                       &amp#27;[90m# steps.AddItemToCartSteps.iAddTheItemToCart()&amp#27;[0m
2024-06-21 21:44:33 INFO  steps.AddItemToCartSteps - Switched back to the original window: D037CFF02651575A2DF5EB85DEF34604
  &amp#27;[32mWhen &amp#27;[0m&amp#27;[32mI switch to original window&amp#27;[0m                            &amp#27;[90m# steps.AddItemToCartSteps.i_switch_to_original_window()&amp#27;[0m
  &amp#27;[32mWhen &amp#27;[0m&amp#27;[32mI search for &amp#27;[0m&amp#27;[32m&amp#27;[1m"Keyboard"&amp#27;[0m                                &amp#27;[90m# steps.AddItemToCartSteps.iSearchFor(java.lang.String)&amp#27;[0m
2024-06-21 21:44:36 INFO  steps.AddItemToCartSteps - Selected the first item in the list
2024-06-21 21:44:36 INFO  steps.AddItemToCartSteps - Switched to new window: BF38FD391D3571BA052A04E1A61747AA
2024-06-21 21:44:37 INFO  steps.AddItemToCartSteps - Opened the cart
  &amp#27;[32mAnd &amp#27;[0m&amp#27;[32mI open the cart&amp#27;[0m                                              &amp#27;[90m# steps.AddItemToCartSteps.iOpenTheCart()&amp#27;[0m
2024-06-21 21:44:37 INFO  steps.AddItemToCartSteps - Verified that the price is identical to the product page
  &amp#27;[32mThen &amp#27;[0m&amp#27;[32mI verify that the price is identical to the product page&amp#27;[0m    &amp#27;[90m# steps.AddItemToCartSteps.iVerifyThatThePriceIsIdenticalToTheProductPage()&amp#27;[0m
2024-06-21 21:44:37 INFO  steps.AddItemToCartSteps - Tear down: Closing the browser
2024-06-21 21:44:38 INFO  steps.AddItemToCartSteps - Browser closed successfully
  &amp#27;[32mThen &amp#27;[0m&amp#27;[32mI close the browser&amp#27;[0m                                         &amp#27;[90m# steps.AddItemToCartSteps.iCloseTheBrowser()&amp#27;[0m
2024-06-21 21:44:38 INFO  steps.AddItemToCartSteps - Tear down: Closing the browser
2024-06-21 21:44:38 INFO  steps.AddItemToCartSteps - Browser closed successfully
]]></system-out>
    <system-err><![CDATA[Jun 21, 2024 9:44:14 PM org.openqa.selenium.remote.service.DriverService$Builder getLogOutput
INFO: Driver logs no longer sent to console by default; https://www.selenium.dev/documentation/webdriver/drivers/service/#setting-log-output
Jun 21, 2024 9:44:14 PM org.openqa.selenium.remote.service.DriverService$Builder getLogOutput
INFO: Driver logs no longer sent to console by default; https://www.selenium.dev/documentation/webdriver/drivers/service/#setting-log-output
Jun 21, 2024 9:44:14 PM org.openqa.selenium.remote.service.DriverService$Builder getLogOutput
INFO: Driver logs no longer sent to console by default; https://www.selenium.dev/documentation/webdriver/drivers/service/#setting-log-output
Jun 21, 2024 9:44:17 PM org.openqa.selenium.devtools.CdpVersionFinder findNearestMatch
WARNING: Unable to find CDP implementation matching 126
Jun 21, 2024 9:44:17 PM org.openqa.selenium.devtools.CdpVersionFinder findNearestMatch
WARNING: Unable to find CDP implementation matching 126
Jun 21, 2024 9:44:17 PM org.openqa.selenium.chromium.ChromiumDriver lambda$new$4
WARNING: Unable to find version of CDP to use for . You may need to include a dependency on a specific version of the CDP using something similar to `org.seleniumhq.selenium:selenium-devtools-v86:4.10.0` where the version ("v86") matches the version of the chromium-based browser you're using and the version number of the artifact is the same as Selenium's.
Jun 21, 2024 9:44:17 PM org.openqa.selenium.chromium.ChromiumDriver lambda$new$4
WARNING: Unable to find version of CDP to use for . You may need to include a dependency on a specific version of the CDP using something similar to `org.seleniumhq.selenium:selenium-devtools-v86:4.10.0` where the version ("v86") matches the version of the chromium-based browser you're using and the version number of the artifact is the same as Selenium's.
Jun 21, 2024 9:44:22 PM org.openqa.selenium.devtools.CdpVersionFinder findNearestMatch
WARNING: Unable to find CDP implementation matching 126
Jun 21, 2024 9:44:22 PM org.openqa.selenium.chromium.ChromiumDriver lambda$new$4
WARNING: Unable to find version of CDP to use for . You may need to include a dependency on a specific version of the CDP using something similar to `org.seleniumhq.selenium:selenium-devtools-v86:4.10.0` where the version ("v86") matches the version of the chromium-based browser you're using and the version number of the artifact is the same as Selenium's.
]]></system-err>
  </testcase>
  <testcase name="runScenario[&quot;Adding a Laptop item in the cart and verifying subtotal&quot;, &quot;Optional[Add item to cart and verify price and subtotal]&quot;](2)" classname="runners.TestRunner" time="26.982">
    <failure message="Expected condition failed: waiting for element to be clickable: By.xpath: //span[@class=&apos;a-price-whole&apos;] (tried for 10 second(s) with 500 milliseconds interval)&#10;Build info: version: &apos;4.10.0&apos;, revision: &apos;c14d967899&apos;&#10;System info: os.name: &apos;Mac OS X&apos;, os.arch: &apos;x86_64&apos;, os.version: &apos;10.15.5&apos;, java.version: &apos;15.0.1&apos;&#10;Driver info: org.openqa.selenium.chrome.ChromeDriver&#10;Capabilities {acceptInsecureCerts: false, browserName: chrome, browserVersion: 126.0.6478.115, chrome: {chromedriverVersion: 126.0.6478.63 (df799988fdc9..., userDataDir: /var/folders/r6/s_117cds1qj...}, fedcm:accounts: true, goog:chromeOptions: {debuggerAddress: localhost:57922}, networkConnectionEnabled: false, pageLoadStrategy: normal, platformName: mac, proxy: Proxy(), se:cdp: ws://localhost:57922/devtoo..., se:cdpVersion: 126.0.6478.115, setWindowRect: true, strictFileInteractability: false, timeouts: {implicit: 0, pageLoad: 300000, script: 30000}, unhandledPromptBehavior: dismiss and notify, webauthn:extension:credBlob: true, webauthn:extension:largeBlob: true, webauthn:extension:minPinLength: true, webauthn:extension:prf: true, webauthn:virtualAuthenticators: true}&#10;Session ID: 66539584e2d4afeb7e486eb61bf97125" type="org.openqa.selenium.TimeoutException"><![CDATA[org.openqa.selenium.TimeoutException: 
Expected condition failed: waiting for element to be clickable: By.xpath: //span[@class='a-price-whole'] (tried for 10 second(s) with 500 milliseconds interval)
Build info: version: '4.10.0', revision: 'c14d967899'
System info: os.name: 'Mac OS X', os.arch: 'x86_64', os.version: '10.15.5', java.version: '15.0.1'
Driver info: org.openqa.selenium.chrome.ChromeDriver
Capabilities {acceptInsecureCerts: false, browserName: chrome, browserVersion: 126.0.6478.115, chrome: {chromedriverVersion: 126.0.6478.63 (df799988fdc9..., userDataDir: /var/folders/r6/s_117cds1qj...}, fedcm:accounts: true, goog:chromeOptions: {debuggerAddress: localhost:57922}, networkConnectionEnabled: false, pageLoadStrategy: normal, platformName: mac, proxy: Proxy(), se:cdp: ws://localhost:57922/devtoo..., se:cdpVersion: 126.0.6478.115, setWindowRect: true, strictFileInteractability: false, timeouts: {implicit: 0, pageLoad: 300000, script: 30000}, unhandledPromptBehavior: dismiss and notify, webauthn:extension:credBlob: true, webauthn:extension:largeBlob: true, webauthn:extension:minPinLength: true, webauthn:extension:prf: true, webauthn:virtualAuthenticators: true}
Session ID: 66539584e2d4afeb7e486eb61bf97125
]]></failure>
    <system-out><![CDATA[  &amp#27;[31mAnd &amp#27;[0m&amp#27;[31mI select the second item in the list&amp#27;[0m                                     &amp#27;[90m# steps.AddItemToCartSteps.iSelectTheSecondItemInTheList()&amp#27;[0m
      &amp#27;[31morg.openqa.selenium.TimeoutException: Expected condition failed: waiting for element to be clickable: By.xpath: //span[@class='a-price-whole'] (tried for 10 second(s) with 500 milliseconds interval)
Build info: version: '4.10.0', revision: 'c14d967899'
System info: os.name: 'Mac OS X', os.arch: 'x86_64', os.version: '10.15.5', java.version: '15.0.1'
Driver info: org.openqa.selenium.chrome.ChromeDriver
Capabilities {acceptInsecureCerts: false, browserName: chrome, browserVersion: 126.0.6478.115, chrome: {chromedriverVersion: 126.0.6478.63 (df799988fdc9..., userDataDir: /var/folders/r6/s_117cds1qj...}, fedcm:accounts: true, goog:chromeOptions: {debuggerAddress: localhost:57922}, networkConnectionEnabled: false, pageLoadStrategy: normal, platformName: mac, proxy: Proxy(), se:cdp: ws://localhost:57922/devtoo..., se:cdpVersion: 126.0.6478.115, setWindowRect: true, strictFileInteractability: false, timeouts: {implicit: 0, pageLoad: 300000, script: 30000}, unhandledPromptBehavior: dismiss and notify, webauthn:extension:credBlob: true, webauthn:extension:largeBlob: true, webauthn:extension:minPinLength: true, webauthn:extension:prf: true, webauthn:virtualAuthenticators: true}
Session ID: 66539584e2d4afeb7e486eb61bf97125
	at org.openqa.selenium.support.ui.WebDriverWait.timeoutException(WebDriverWait.java:84)
	at org.openqa.selenium.support.ui.FluentWait.until(FluentWait.java:230)
	at utils.WaitUtils.waitForElementToBeClickable(WaitUtils.java:17)
	at steps.AddItemToCartSteps.selectItemFromList(AddItemToCartSteps.java:153)
	at steps.AddItemToCartSteps.iSelectTheSecondItemInTheList(AddItemToCartSteps.java:133)
	at ���.I select the second item in the list(file:///Users/deeptha.naik/Downloads/ZyoinUiAutomation/src/test/resources/features/AddItemToCart.feature:16)
&amp#27;[0m
  &amp#27;[36mAnd &amp#27;[0m&amp#27;[36mI add the item to cart&amp#27;[0m                                                   &amp#27;[90m# steps.AddItemToCartSteps.iAddTheItemToCart()&amp#27;[0m
  &amp#27;[36mAnd &amp#27;[0m&amp#27;[36mI open the cart&amp#27;[0m                                                          &amp#27;[90m# steps.AddItemToCartSteps.iOpenTheCart()&amp#27;[0m
  &amp#27;[36mThen &amp#27;[0m&amp#27;[36mI verify that the second product price is identical to the product page&amp#27;[0m &amp#27;[90m# steps.AddItemToCartSteps.iVerifyThatThesecondPriceIsIdenticalToTheProductPage()&amp#27;[0m
  &amp#27;[36mThen &amp#27;[0m&amp#27;[36mI close the browser&amp#27;[0m                                                     &amp#27;[90m# steps.AddItemToCartSteps.iCloseTheBrowser()&amp#27;[0m
2024-06-21 21:44:40 INFO  steps.AddItemToCartSteps - Tear down: Closing the browser
2024-06-21 21:44:41 INFO  steps.AddItemToCartSteps - Browser closed successfully
]]></system-out>
  </testcase>
  <testcase name="runScenario[&quot;Adding two items in the cart and verifying subtotal&quot;, &quot;Optional[Add item to cart and verify price and subtotal]&quot;](3)" classname="runners.TestRunner" time="34.721">
    <system-out><![CDATA[2024-06-21 21:44:41 INFO  steps.AddItemToCartSteps - Product price: 599
[1399, 599]
  &amp#27;[32mAnd &amp#27;[0m&amp#27;[32mI select the first item in the list&amp#27;[0m                     &amp#27;[90m# steps.AddItemToCartSteps.iSelectTheFirstItemInTheList()&amp#27;[0m
  &amp#27;[32mAnd &amp#27;[0m&amp#27;[32mI add the item to cart&amp#27;[0m                                  &amp#27;[90m# steps.AddItemToCartSteps.iAddTheItemToCart()&amp#27;[0m
2024-06-21 21:44:48 INFO  steps.AddItemToCartSteps - Opened the cart
  &amp#27;[32mAnd &amp#27;[0m&amp#27;[32mI open the cart&amp#27;[0m                                         &amp#27;[90m# steps.AddItemToCartSteps.iOpenTheCart()&amp#27;[0m
  &amp#27;[32mThen &amp#27;[0m&amp#27;[32mI verify each item's total price is correct&amp#27;[0m            &amp#27;[90m# steps.AddItemToCartSteps.i_verify_each_item_s_total_price_is_correct()&amp#27;[0m
  &amp#27;[32mAnd &amp#27;[0m&amp#27;[32mI verify that the subtotal is calculated correctly&amp#27;[0m      &amp#27;[90m# steps.AddItemToCartSteps.i_verify_that_the_subtotal_is_calculated_correctly()&amp#27;[0m
2024-06-21 21:44:48 INFO  steps.AddItemToCartSteps - Tear down: Closing the browser
2024-06-21 21:44:48 INFO  steps.AddItemToCartSteps - Browser closed successfully
  &amp#27;[32mThen &amp#27;[0m&amp#27;[32mI close the browser&amp#27;[0m                                    &amp#27;[90m# steps.AddItemToCartSteps.iCloseTheBrowser()&amp#27;[0m
2024-06-21 21:44:48 INFO  steps.AddItemToCartSteps - Tear down: Closing the browser
2024-06-21 21:44:48 INFO  steps.AddItemToCartSteps - Browser closed successfully
]]></system-out>
  </testcase>
</testsuite>